<?xml version="1.0" encoding="UTF-8"?>
<!-- Generated by org.testng.reporters.JUnitReportReporter -->
<testsuite skipped="0" hostname="FA054488" name="RingCentral.QATest.ApiTests" tests="8" failures="0" timestamp="2021-08-03T17:30:04 IST" time="4.299" errors="0">
  <testcase name="getDeletedUsers" time="0.021" classname="RingCentral.QATest.ApiTests"/>
  <system-out/>
  <testcase name="validateErrorOnCreatingUser_DOBGreaterThanCurrentDate" time="0.111" classname="RingCentral.QATest.ApiTests"/>
  <system-out/>
  <testcase name="validateErrorOnCreatingUser_InvalidEmail" time="0.047" classname="RingCentral.QATest.ApiTests"/>
  <system-out/>
  <testcase name="deleteUser_AlreadyDeleted" time="0.021" classname="RingCentral.QATest.ApiTests"/>
  <system-out/>
  <testcase name="successfullyCreateUser" time="3.420" classname="RingCentral.QATest.ApiTests"/>
  <system-out/>
  <testcase name="getAllUsers" time="0.580" classname="RingCentral.QATest.ApiTests"/>
  <system-out/>
  <testcase name="deleteUser" time="0.047" classname="RingCentral.QATest.ApiTests"/>
  <system-out/>
  <testcase name="getSpecificUsers" time="0.052" classname="RingCentral.QATest.ApiTests"/>
  <system-out/>
</testsuite> <!-- RingCentral.QATest.ApiTests -->
